----------------------------------------------------------------
2022-07-20 22:52:12.235 GMT:
 Booting Derby version The Apache Software Foundation - Apache Derby - 10.6.1.0 - (938214): instance a816c00e-0182-1dcf-c602-00000de98028 
on database directory /opt/tomcat6/apache-tomcat-6.0.53/bin/scadabrDB   with class loader WebappClassLoader
  context: /ScadaBR
  delegate: false
  repositories:
    /WEB-INF/classes/
----------> Parent Classloader:
org.apache.catalina.loader.StandardClassLoader@7b479feb


Database Class Loader started - derby.database.classpath=''

2022-09-08 16:41:08.701 GMT:
Shutting down instance a816c00e-0182-1dcf-c602-00000de98028 with class loader WebappClassLoader
  context: /ScadaBR
  delegate: false
  repositories:
    /WEB-INF/classes/
----------> Parent Classloader:
org.apache.catalina.loader.StandardClassLoader@7b479feb
 
----------------------------------------------------------------
